c:\users\alvar\onedrive\escritorio\master\engine_assignment1_upc\delayengine\debug\vc142.pdb
c:\users\alvar\onedrive\escritorio\master\engine_assignment1_upc\delayengine\debug\vc142.idb
c:\users\alvar\onedrive\escritorio\master\engine_assignment1_upc\delayengine\debug\triangle.obj
c:\users\alvar\onedrive\escritorio\master\engine_assignment1_upc\delayengine\debug\sphere.obj
c:\users\alvar\onedrive\escritorio\master\engine_assignment1_upc\delayengine\debug\ray.obj
c:\users\alvar\onedrive\escritorio\master\engine_assignment1_upc\delayengine\debug\polyhedron.obj
c:\users\alvar\onedrive\escritorio\master\engine_assignment1_upc\delayengine\debug\polygon.obj
c:\users\alvar\onedrive\escritorio\master\engine_assignment1_upc\delayengine\debug\plane.obj
c:\users\alvar\onedrive\escritorio\master\engine_assignment1_upc\delayengine\debug\pbvolume.obj
c:\users\alvar\onedrive\escritorio\master\engine_assignment1_upc\delayengine\debug\obb.obj
c:\users\alvar\onedrive\escritorio\master\engine_assignment1_upc\delayengine\debug\linesegment2d.obj
c:\users\alvar\onedrive\escritorio\master\engine_assignment1_upc\delayengine\debug\linesegment.obj
c:\users\alvar\onedrive\escritorio\master\engine_assignment1_upc\delayengine\debug\line.obj
c:\users\alvar\onedrive\escritorio\master\engine_assignment1_upc\delayengine\debug\frustum.obj
c:\users\alvar\onedrive\escritorio\master\engine_assignment1_upc\delayengine\debug\circle2d.obj
c:\users\alvar\onedrive\escritorio\master\engine_assignment1_upc\delayengine\debug\circle.obj
c:\users\alvar\onedrive\escritorio\master\engine_assignment1_upc\delayengine\debug\capsule.obj
c:\users\alvar\onedrive\escritorio\master\engine_assignment1_upc\delayengine\debug\aabb.obj
c:\users\alvar\onedrive\escritorio\master\engine_assignment1_upc\delayengine\debug\sat.obj
c:\users\alvar\onedrive\escritorio\master\engine_assignment1_upc\delayengine\debug\lcg.obj
c:\users\alvar\onedrive\escritorio\master\engine_assignment1_upc\delayengine\debug\gjk2d.obj
c:\users\alvar\onedrive\escritorio\master\engine_assignment1_upc\delayengine\debug\gjk.obj
c:\users\alvar\onedrive\escritorio\master\engine_assignment1_upc\delayengine\debug\transformops.obj
c:\users\alvar\onedrive\escritorio\master\engine_assignment1_upc\delayengine\debug\ssemath.obj
c:\users\alvar\onedrive\escritorio\master\engine_assignment1_upc\delayengine\debug\quat.obj
c:\users\alvar\onedrive\escritorio\master\engine_assignment1_upc\delayengine\debug\polynomial.obj
c:\users\alvar\onedrive\escritorio\master\engine_assignment1_upc\delayengine\debug\minifloat.obj
c:\users\alvar\onedrive\escritorio\master\engine_assignment1_upc\delayengine\debug\mathops.obj
c:\users\alvar\onedrive\escritorio\master\engine_assignment1_upc\delayengine\debug\mathlog.obj
c:\users\alvar\onedrive\escritorio\master\engine_assignment1_upc\delayengine\debug\mathfunc.obj
c:\users\alvar\onedrive\escritorio\master\engine_assignment1_upc\delayengine\debug\grisu3_cpp.obj
c:\users\alvar\onedrive\escritorio\master\engine_assignment1_upc\delayengine\debug\float4x4.obj
c:\users\alvar\onedrive\escritorio\master\engine_assignment1_upc\delayengine\debug\float4d.obj
c:\users\alvar\onedrive\escritorio\master\engine_assignment1_upc\delayengine\debug\float4.obj
c:\users\alvar\onedrive\escritorio\master\engine_assignment1_upc\delayengine\debug\float3x4.obj
c:\users\alvar\onedrive\escritorio\master\engine_assignment1_upc\delayengine\debug\float3x3.obj
c:\users\alvar\onedrive\escritorio\master\engine_assignment1_upc\delayengine\debug\float3.obj
c:\users\alvar\onedrive\escritorio\master\engine_assignment1_upc\delayengine\debug\float2.obj
c:\users\alvar\onedrive\escritorio\master\engine_assignment1_upc\delayengine\debug\callstack.obj
c:\users\alvar\onedrive\escritorio\master\engine_assignment1_upc\delayengine\debug\bitops.obj
c:\users\alvar\onedrive\escritorio\master\engine_assignment1_upc\delayengine\debug\trianglemesh.obj
c:\users\alvar\onedrive\escritorio\master\engine_assignment1_upc\delayengine\debug\triangle2d.obj
c:\users\alvar\onedrive\escritorio\master\engine_assignment1_upc\delayengine\debug\modulewindow.obj
c:\users\alvar\onedrive\escritorio\master\engine_assignment1_upc\delayengine\debug\modulerender.obj
c:\users\alvar\onedrive\escritorio\master\engine_assignment1_upc\delayengine\debug\moduleinput.obj
c:\users\alvar\onedrive\escritorio\master\engine_assignment1_upc\delayengine\debug\modulecamera.obj
c:\users\alvar\onedrive\escritorio\master\engine_assignment1_upc\delayengine\debug\main.obj
c:\users\alvar\onedrive\escritorio\master\engine_assignment1_upc\delayengine\debug\log.obj
c:\users\alvar\onedrive\escritorio\master\engine_assignment1_upc\delayengine\debug\application.obj
c:\users\alvar\onedrive\escritorio\master\engine_assignment1_upc\delayengine\debug\clock.obj
c:\users\alvar\onedrive\escritorio\master\engine_assignment1_upc\delayengine\debug\grisu3.obj
c:\users\alvar\onedrive\escritorio\master\engine_assignment1_upc\delayengine\debug\enginemaster.exe
c:\users\alvar\onedrive\escritorio\master\engine_assignment1_upc\delayengine\debug\enginemaster.ilk
c:\users\alvar\onedrive\escritorio\master\engine_assignment1_upc\delayengine\debug\enginemaster.pdb
c:\users\alvar\onedrive\escritorio\master\engine_assignment1_upc\delayengine\debug\enginemaster.tlog\cl.command.1.tlog
c:\users\alvar\onedrive\escritorio\master\engine_assignment1_upc\delayengine\debug\enginemaster.tlog\cl.read.1.tlog
c:\users\alvar\onedrive\escritorio\master\engine_assignment1_upc\delayengine\debug\enginemaster.tlog\cl.write.1.tlog
c:\users\alvar\onedrive\escritorio\master\engine_assignment1_upc\delayengine\debug\enginemaster.tlog\link.command.1.tlog
c:\users\alvar\onedrive\escritorio\master\engine_assignment1_upc\delayengine\debug\enginemaster.tlog\link.read.1.tlog
c:\users\alvar\onedrive\escritorio\master\engine_assignment1_upc\delayengine\debug\enginemaster.tlog\link.write.1.tlog
